# JRE version: OpenJDK Runtime Environment JBR-17.0.14+1-1367.22-nomod (17.0.14+1) (build 17.0.14+1-b1367.22)
# Java VM: OpenJDK 64-Bit Server VM JBR-17.0.14+1-1367.22-nomod (17.0.14+1-b1367.22, mixed mode, sharing, tiered, compressed oops, compressed class ptrs, g1 gc, windows-amd64)
GC Precious Log:
 CPUs: 4 total, 4 available
 Memory: 8072M
 Large Page Support: Disabled
 NUMA Support: Disabled
 Compressed Oops: Enabled (32-bit)
 Heap Region Size: 1M
 Heap Min Capacity: 8M
 Heap Initial Capacity: 128M
 Heap Max Capacity: 2020M
 Pre-touch: Disabled
 Parallel Workers: 4
 Concurrent Workers: 1
 Concurrent Refinement Workers: 4
 Periodic GC: Disabled
Heap:
 garbage-first heap   total 293888K, used 118220K [0x0000000081c00000, 0x0000000100000000)
  region size 1024K, 31 young (31744K), 2 survivors (2048K)
 Metaspace       used 77617K, committed 77888K, reserved 1179648K
  class space    used 8684K, committed 8832K, reserved 1048576K
GC Heap History (20 events):
Event: 27.513 GC heap before
{Heap before GC invocations=27 (full 0):
 garbage-first heap   total 153600K, used 104180K [0x0000000081c00000, 0x0000000100000000)
  region size 1024K, 59 young (60416K), 3 survivors (3072K)
 Metaspace       used 56103K, committed 56320K, reserved 1114112K
  class space    used 6661K, committed 6784K, reserved 1048576K
}
Event: 27.537 GC heap after
{Heap after GC invocations=28 (full 0):
 garbage-first heap   total 153600K, used 53926K [0x0000000081c00000, 0x0000000100000000)
  region size 1024K, 8 young (8192K), 8 survivors (8192K)
 Metaspace       used 56103K, committed 56320K, reserved 1114112K
  class space    used 6661K, committed 6784K, reserved 1048576K
}
Event: 27.586 GC heap before
{Heap before GC invocations=28 (full 0):
 garbage-first heap   total 153600K, used 54950K [0x0000000081c00000, 0x0000000100000000)
  region size 1024K, 9 young (9216K), 8 survivors (8192K)
 Metaspace       used 56106K, committed 56320K, reserved 1114112K
  class space    used 6661K, committed 6784K, reserved 1048576K
}
Event: 27.604 GC heap after
{Heap after GC invocations=29 (full 0):
 garbage-first heap   total 153600K, used 54629K [0x0000000081c00000, 0x0000000100000000)
  region size 1024K, 1 young (1024K), 1 survivors (1024K)
 Metaspace       used 56106K, committed 56320K, reserved 1114112K
  class space    used 6661K, committed 6784K, reserved 1048576K
}
Event: 32.504 GC heap before
{Heap before GC invocations=29 (full 0):
 garbage-first heap   total 153600K, used 111973K [0x0000000081c00000, 0x0000000100000000)
  region size 1024K, 55 young (56320K), 1 survivors (1024K)
 Metaspace       used 57298K, committed 57664K, reserved 1114112K
  class space    used 6755K, committed 6912K, reserved 1048576K
}
Event: 32.527 GC heap after
{Heap after GC invocations=30 (full 0):
 garbage-first heap   total 153600K, used 65427K [0x0000000081c00000, 0x0000000100000000)
  region size 1024K, 7 young (7168K), 7 survivors (7168K)
 Metaspace       used 57298K, committed 57664K, reserved 1114112K
  class space    used 6755K, committed 6912K, reserved 1048576K
}
Event: 35.735 GC heap before
{Heap before GC invocations=30 (full 0):
 garbage-first heap   total 153600K, used 113555K [0x0000000081c00000, 0x0000000100000000)
  region size 1024K, 54 young (55296K), 7 survivors (7168K)
 Metaspace       used 63410K, committed 63744K, reserved 1114112K
  class space    used 7476K, committed 7616K, reserved 1048576K
}
Event: 35.782 GC heap after
{Heap after GC invocations=31 (full 0):
 garbage-first heap   total 153600K, used 71891K [0x0000000081c00000, 0x0000000100000000)
  region size 1024K, 6 young (6144K), 6 survivors (6144K)
 Metaspace       used 63410K, committed 63744K, reserved 1114112K
  class space    used 7476K, committed 7616K, reserved 1048576K
}
Event: 38.657 GC heap before
{Heap before GC invocations=31 (full 0):
 garbage-first heap   total 153600K, used 116947K [0x0000000081c00000, 0x0000000100000000)
  region size 1024K, 50 young (51200K), 6 survivors (6144K)
 Metaspace       used 64909K, committed 65216K, reserved 1114112K
  class space    used 7594K, committed 7744K, reserved 1048576K
}
Event: 38.685 GC heap after
{Heap after GC invocations=32 (full 0):
 garbage-first heap   total 153600K, used 79652K [0x0000000081c00000, 0x0000000100000000)
  region size 1024K, 7 young (7168K), 7 survivors (7168K)
 Metaspace       used 64909K, committed 65216K, reserved 1114112K
  class space    used 7594K, committed 7744K, reserved 1048576K
}
Event: 41.736 GC heap before
{Heap before GC invocations=32 (full 0):
 garbage-first heap   total 153600K, used 119588K [0x0000000081c00000, 0x0000000100000000)
  region size 1024K, 46 young (47104K), 7 survivors (7168K)
 Metaspace       used 71702K, committed 72064K, reserved 1114112K
  class space    used 8255K, committed 8448K, reserved 1048576K
}
Event: 41.756 GC heap after
{Heap after GC invocations=33 (full 0):
 garbage-first heap   total 153600K, used 83395K [0x0000000081c00000, 0x0000000100000000)
  region size 1024K, 4 young (4096K), 4 survivors (4096K)
 Metaspace       used 71702K, committed 72064K, reserved 1114112K
  class space    used 8255K, committed 8448K, reserved 1048576K
}
Event: 45.094 GC heap before
{Heap before GC invocations=33 (full 0):
 garbage-first heap   total 153600K, used 122307K [0x0000000081c00000, 0x0000000100000000)
  region size 1024K, 42 young (43008K), 4 survivors (4096K)
 Metaspace       used 74501K, committed 74816K, reserved 1179648K
  class space    used 8475K, committed 8640K, reserved 1048576K
}
Event: 45.105 GC heap after
{Heap after GC invocations=34 (full 0):
 garbage-first heap   total 153600K, used 83881K [0x0000000081c00000, 0x0000000100000000)
  region size 1024K, 4 young (4096K), 4 survivors (4096K)
 Metaspace       used 74501K, committed 74816K, reserved 1179648K
  class space    used 8475K, committed 8640K, reserved 1048576K
}
Event: 45.874 GC heap before
{Heap before GC invocations=34 (full 0):
 garbage-first heap   total 153600K, used 123817K [0x0000000081c00000, 0x0000000100000000)
  region size 1024K, 43 young (44032K), 4 survivors (4096K)
 Metaspace       used 74652K, committed 74944K, reserved 1179648K
  class space    used 8475K, committed 8640K, reserved 1048576K
}
Event: 45.891 GC heap after
{Heap after GC invocations=35 (full 0):
 garbage-first heap   total 153600K, used 88360K [0x0000000081c00000, 0x0000000100000000)
  region size 1024K, 6 young (6144K), 6 survivors (6144K)
 Metaspace       used 74652K, committed 74944K, reserved 1179648K
  class space    used 8475K, committed 8640K, reserved 1048576K
}
Event: 46.466 GC heap before
{Heap before GC invocations=35 (full 0):
 garbage-first heap   total 153600K, used 124200K [0x0000000081c00000, 0x0000000100000000)
  region size 1024K, 41 young (41984K), 6 survivors (6144K)
 Metaspace       used 74694K, committed 75008K, reserved 1179648K
  class space    used 8475K, committed 8640K, reserved 1048576K
}
Event: 46.481 GC heap after
{Heap after GC invocations=36 (full 0):
 garbage-first heap   total 153600K, used 89067K [0x0000000081c00000, 0x0000000100000000)
  region size 1024K, 1 young (1024K), 1 survivors (1024K)
 Metaspace       used 74694K, committed 75008K, reserved 1179648K
  class space    used 8475K, committed 8640K, reserved 1048576K
}
Event: 47.289 GC heap before
{Heap before GC invocations=36 (full 0):
 garbage-first heap   total 153600K, used 126955K [0x0000000081c00000, 0x0000000100000000)
  region size 1024K, 38 young (38912K), 1 survivors (1024K)
 Metaspace       used 76551K, committed 76864K, reserved 1179648K
  class space    used 8637K, committed 8832K, reserved 1048576K
}
Event: 47.298 GC heap after
{Heap after GC invocations=37 (full 0):
 garbage-first heap   total 293888K, used 89548K [0x0000000081c00000, 0x0000000100000000)
  region size 1024K, 2 young (2048K), 2 survivors (2048K)
 Metaspace       used 76551K, committed 76864K, reserved 1179648K
  class space    used 8637K, committed 8832K, reserved 1048576K
}

