# JRE version: OpenJDK Runtime Environment JBR-17.0.14+1-1367.22-nomod (17.0.14+1) (build 17.0.14+1-b1367.22)
# Java VM: OpenJDK 64-Bit Server VM JBR-17.0.14+1-1367.22-nomod (17.0.14+1-b1367.22, mixed mode, sharing, tiered, compressed oops, compressed class ptrs, g1 gc, windows-amd64)
GC Precious Log:
 CPUs: 4 total, 4 available
 Memory: 8072M
 Large Page Support: Disabled
 NUMA Support: Disabled
 Compressed Oops: Enabled (32-bit)
 Heap Region Size: 1M
 Heap Min Capacity: 8M
 Heap Initial Capacity: 128M
 Heap Max Capacity: 2020M
 Pre-touch: Disabled
 Parallel Workers: 4
 Concurrent Workers: 1
 Concurrent Refinement Workers: 4
 Periodic GC: Disabled
Heap:
 garbage-first heap   total 181248K, used 126576K [0x0000000081c00000, 0x0000000100000000)
  region size 1024K, 8 young (8192K), 3 survivors (3072K)
 Metaspace       used 87725K, committed 88128K, reserved 1179648K
  class space    used 9445K, committed 9664K, reserved 1048576K
GC Heap History (20 events):
Event: 59.721 GC heap before
{Heap before GC invocations=26 (full 0):
 garbage-first heap   total 181248K, used 146543K [0x0000000081c00000, 0x0000000100000000)
  region size 1024K, 50 young (51200K), 5 survivors (5120K)
 Metaspace       used 67546K, committed 67776K, reserved 1114112K
  class space    used 7644K, committed 7744K, reserved 1048576K
}
Event: 59.736 GC heap after
{Heap after GC invocations=27 (full 0):
 garbage-first heap   total 181248K, used 102134K [0x0000000081c00000, 0x0000000100000000)
  region size 1024K, 2 young (2048K), 2 survivors (2048K)
 Metaspace       used 67546K, committed 67776K, reserved 1114112K
  class space    used 7644K, committed 7744K, reserved 1048576K
}
Event: 64.045 GC heap before
{Heap before GC invocations=27 (full 0):
 garbage-first heap   total 181248K, used 148214K [0x0000000081c00000, 0x0000000100000000)
  region size 1024K, 47 young (48128K), 2 survivors (2048K)
 Metaspace       used 71585K, committed 71936K, reserved 1114112K
  class space    used 8005K, committed 8128K, reserved 1048576K
}
Event: 64.065 GC heap after
{Heap after GC invocations=28 (full 0):
 garbage-first heap   total 181248K, used 107786K [0x0000000081c00000, 0x0000000100000000)
  region size 1024K, 6 young (6144K), 6 survivors (6144K)
 Metaspace       used 71585K, committed 71936K, reserved 1114112K
  class space    used 8005K, committed 8128K, reserved 1048576K
}
Event: 66.677 GC heap before
{Heap before GC invocations=28 (full 0):
 garbage-first heap   total 181248K, used 148746K [0x0000000081c00000, 0x0000000100000000)
  region size 1024K, 46 young (47104K), 6 survivors (6144K)
 Metaspace       used 74518K, committed 74816K, reserved 1179648K
  class space    used 8333K, committed 8448K, reserved 1048576K
}
Event: 66.700 GC heap after
{Heap after GC invocations=29 (full 0):
 garbage-first heap   total 181248K, used 114012K [0x0000000081c00000, 0x0000000100000000)
  region size 1024K, 6 young (6144K), 6 survivors (6144K)
 Metaspace       used 74518K, committed 74816K, reserved 1179648K
  class space    used 8333K, committed 8448K, reserved 1048576K
}
Event: 69.113 GC heap before
{Heap before GC invocations=29 (full 0):
 garbage-first heap   total 181248K, used 148828K [0x0000000081c00000, 0x0000000100000000)
  region size 1024K, 40 young (40960K), 6 survivors (6144K)
 Metaspace       used 80824K, committed 81152K, reserved 1179648K
  class space    used 8949K, committed 9088K, reserved 1048576K
}
Event: 69.130 GC heap after
{Heap after GC invocations=30 (full 0):
 garbage-first heap   total 181248K, used 115854K [0x0000000081c00000, 0x0000000100000000)
  region size 1024K, 2 young (2048K), 2 survivors (2048K)
 Metaspace       used 80824K, committed 81152K, reserved 1179648K
  class space    used 8949K, committed 9088K, reserved 1048576K
}
Event: 72.108 GC heap before
{Heap before GC invocations=30 (full 0):
 garbage-first heap   total 181248K, used 150670K [0x0000000081c00000, 0x0000000100000000)
  region size 1024K, 36 young (36864K), 2 survivors (2048K)
 Metaspace       used 83128K, committed 83456K, reserved 1179648K
  class space    used 9087K, committed 9216K, reserved 1048576K
}
Event: 72.124 GC heap after
{Heap after GC invocations=31 (full 0):
 garbage-first heap   total 181248K, used 117174K [0x0000000081c00000, 0x0000000100000000)
  region size 1024K, 3 young (3072K), 3 survivors (3072K)
 Metaspace       used 83128K, committed 83456K, reserved 1179648K
  class space    used 9087K, committed 9216K, reserved 1048576K
}
Event: 72.901 GC heap before
{Heap before GC invocations=31 (full 0):
 garbage-first heap   total 181248K, used 151990K [0x0000000081c00000, 0x0000000100000000)
  region size 1024K, 37 young (37888K), 3 survivors (3072K)
 Metaspace       used 83453K, committed 83776K, reserved 1179648K
  class space    used 9103K, committed 9216K, reserved 1048576K
}
Event: 72.924 GC heap after
{Heap after GC invocations=32 (full 0):
 garbage-first heap   total 181248K, used 121590K [0x0000000081c00000, 0x0000000100000000)
  region size 1024K, 5 young (5120K), 5 survivors (5120K)
 Metaspace       used 83453K, committed 83776K, reserved 1179648K
  class space    used 9103K, committed 9216K, reserved 1048576K
}
Event: 73.646 GC heap before
{Heap before GC invocations=32 (full 0):
 garbage-first heap   total 181248K, used 151286K [0x0000000081c00000, 0x0000000100000000)
  region size 1024K, 34 young (34816K), 5 survivors (5120K)
 Metaspace       used 83612K, committed 83904K, reserved 1179648K
  class space    used 9103K, committed 9216K, reserved 1048576K
}
Event: 73.656 GC heap after
{Heap after GC invocations=33 (full 0):
 garbage-first heap   total 181248K, used 122947K [0x0000000081c00000, 0x0000000100000000)
  region size 1024K, 2 young (2048K), 2 survivors (2048K)
 Metaspace       used 83612K, committed 83904K, reserved 1179648K
  class space    used 9103K, committed 9216K, reserved 1048576K
}
Event: 74.078 GC heap before
{Heap before GC invocations=33 (full 0):
 garbage-first heap   total 181248K, used 152643K [0x0000000081c00000, 0x0000000100000000)
  region size 1024K, 31 young (31744K), 2 survivors (2048K)
 Metaspace       used 83818K, committed 84096K, reserved 1179648K
  class space    used 9116K, committed 9216K, reserved 1048576K
}
Event: 74.087 GC heap after
{Heap after GC invocations=34 (full 0):
 garbage-first heap   total 181248K, used 123126K [0x0000000081c00000, 0x0000000100000000)
  region size 1024K, 2 young (2048K), 2 survivors (2048K)
 Metaspace       used 83818K, committed 84096K, reserved 1179648K
  class space    used 9116K, committed 9216K, reserved 1048576K
}
Event: 74.961 GC heap before
{Heap before GC invocations=34 (full 0):
 garbage-first heap   total 181248K, used 153846K [0x0000000081c00000, 0x0000000100000000)
  region size 1024K, 32 young (32768K), 2 survivors (2048K)
 Metaspace       used 84005K, committed 84352K, reserved 1179648K
  class space    used 9125K, committed 9280K, reserved 1048576K
}
Event: 74.969 GC heap after
{Heap after GC invocations=35 (full 0):
 garbage-first heap   total 181248K, used 124018K [0x0000000081c00000, 0x0000000100000000)
  region size 1024K, 3 young (3072K), 3 survivors (3072K)
 Metaspace       used 84005K, committed 84352K, reserved 1179648K
  class space    used 9125K, committed 9280K, reserved 1048576K
}
Event: 75.847 GC heap before
{Heap before GC invocations=35 (full 0):
 garbage-first heap   total 181248K, used 138354K [0x0000000081c00000, 0x0000000100000000)
  region size 1024K, 18 young (18432K), 3 survivors (3072K)
 Metaspace       used 86661K, committed 86976K, reserved 1179648K
  class space    used 9360K, committed 9536K, reserved 1048576K
}
Event: 75.858 GC heap after
{Heap after GC invocations=36 (full 0):
 garbage-first heap   total 181248K, used 124528K [0x0000000081c00000, 0x0000000100000000)
  region size 1024K, 3 young (3072K), 3 survivors (3072K)
 Metaspace       used 86661K, committed 86976K, reserved 1179648K
  class space    used 9360K, committed 9536K, reserved 1048576K
}

